<?xml version="1.0" encoding="UTF-8"?>
<!-- Generated by org.testng.reporters.JUnitReportReporter -->
<testsuite hostname="DESKTOP-9T6KQTB" failures="0" tests="1" name="automation.cucumber.testNGTestRunner" time="0.357" errors="0" timestamp="2023-03-31T14:13:55 IST" skipped="0">
  <testcase classname="automation.cucumber.testNGTestRunner" name="runScenario" time="0.357"/>
  <system-out/>
</testsuite> <!-- automation.cucumber.testNGTestRunner -->
